#
# A fatal error has been detected by the Java Runtime Environment:
#
#  EXCEPTION_ACCESS_VIOLATION (0xc0000005) at pc=0x000000005ac6f3bb, pid=8784, tid=0x0000000000002268
#
# JRE version: OpenJDK Runtime Environment (8.0_152-b01) (build 1.8.0_152-release-1343-b01)
# Java VM: OpenJDK 64-Bit Server VM (25.152-b01 mixed mode windows-amd64 compressed oops)
# Problematic frame:
# V  [jvm.dll+0xef3bb]
#
# Failed to write core dump. Minidumps are not enabled by default on client versions of Windows
#
# If you would like to submit a bug report, please visit:
#   http://bugreport.java.com/bugreport/crash.jsp
#

---------------  T H R E A D  ---------------

Current thread (0x0000000002420000):  GCTaskThread [stack: 0x00000000126b0000,0x00000000127b0000] [id=8808]

siginfo: ExceptionCode=0xc0000005, reading address 0x0000000000000008

Registers:
RAX=0x0000000012a20000, RBX=0x00000000a0808c00, RCX=0x0000000000000000, RDX=0x0000000000000001
RSP=0x00000000127af6b0, RBP=0x00000000a081ace8, RSI=0x0000000056646320, RDI=0x0000000056646320
R8 =0x0000000000000000, R9 =0x0000000015d3b798, R10=0x000000000000000c, R11=0x000000005b148888
R12=0x00000000a081acf4, R13=0x0000000015d3b9b0, R14=0x0000000015d3b9b8, R15=0x00000000a081acd8
RIP=0x000000005ac6f3bb, EFLAGS=0x0000000000010246

Top of Stack: (sp=0x00000000127af6b0)
0x00000000127af6b0:   0000000015d3b798 00000000a081a5e8
0x00000000127af6c0:   0000000000000004 000000005ad75fd2
0x00000000127af6d0:   0000000000000000 00000000000003d8
0x00000000127af6e0:   00000000024206f8 000000000241b250
0x00000000127af6f0:   0000000000003910 000000005af43de0
0x00000000127af700:   0000000056d9c8c8 00000000565955a0
0x00000000127af710:   0000000056646320 0000000002420320
0x00000000127af720:   0000000000000000 0000000000000c00
0x00000000127af730:   0000000000000000 0000000000000000
0x00000000127af740:   0000000000000000 0000000061c9c000
0x00000000127af750:   0000000000000001 0000061400003301
0x00000000127af760:   000010d9699fefd7 00000000024206f8
0x00000000127af770:   0000000002420320 00000000000003d8
0x00000000127af780:   0000000002420320 000000000241b250
0x00000000127af790:   0000000002420310 00000000565955a0
0x00000000127af7a0:   0000000056646320 000000005af40e43 

Instructions: (pc=0x000000005ac6f3bb)
0x000000005ac6f39b:   6c 00 84 d2 74 16 44 8b 43 08 8b 0d ad d2 66 00
0x000000005ac6f3ab:   49 d3 e0 4c 03 05 9b d2 66 00 eb 04 4c 8b 43 08
0x000000005ac6f3bb:   45 8b 48 08 45 85 c9 7e 0c 41 f6 c1 01 75 4b 41
0x000000005ac6f3cb:   c1 f9 03 eb 57 79 43 84 d2 41 8b c9 b8 10 00 00 


Register to memory mapping:

RAX=0x0000000012a20000 is an unknown value
RBX=
[error occurred during error reporting (printing register info), id 0xc0000005]

Stack: [0x00000000126b0000,0x00000000127b0000],  sp=0x00000000127af6b0,  free space=1021k
Native frames: (J=compiled Java code, j=interpreted, Vv=VM code, C=native code)
V  [jvm.dll+0xef3bb]
V  [jvm.dll+0x3c3de0]
V  [jvm.dll+0x3c0e43]
V  [jvm.dll+0x3bec9e]
V  [jvm.dll+0x26d9aa]
C  [msvcr100.dll+0x21d9f]
C  [msvcr100.dll+0x21e3b]
C  [kernel32.dll+0x1556d]
C  [ntdll.dll+0x5385d]


---------------  P R O C E S S  ---------------

Java Threads: ( => current thread )
  0x0000000061c9c000 JavaThread "ForkJoinPool.commonPool-worker-2" daemon [_thread_blocked, id=9132, stack(0x000000005a340000,0x000000005a440000)]
  0x0000000061c9f800 JavaThread "ForkJoinPool.commonPool-worker-1" daemon [_thread_blocked, id=9212, stack(0x0000000066dc0000,0x0000000066ec0000)]
  0x000000005ec0c000 JavaThread "ForkJoinPool.commonPool-worker-0" daemon [_thread_blocked, id=8840, stack(0x0000000067410000,0x0000000067510000)]
  0x000000005e15e000 JavaThread "Cache worker for Java compile cache (C:\Users\lboudjella\AndroidStudioProjects\SportCoach\.gradle\5.1.1\javaCompile)" [_thread_blocked, id=8680, stack(0x0000000066f00000,0x0000000067000000)]
  0x000000005e15d800 JavaThread "Cache worker for Java compile cache (C:\Users\lboudjella\.gradle\caches\5.1.1\javaCompile)" [_thread_blocked, id=8632, stack(0x0000000064cb0000,0x0000000064db0000)]
  0x000000005e15c800 JavaThread "stdout" daemon [_thread_in_native, id=8268, stack(0x0000000066a30000,0x0000000066b30000)]
  0x000000005e15c000 JavaThread "stderr" daemon [_thread_in_native, id=6712, stack(0x0000000066880000,0x0000000066980000)]
  0x000000005e15b000 JavaThread "stdout" daemon [_thread_in_native, id=6976, stack(0x00000000664a0000,0x00000000665a0000)]
  0x000000005ec10800 JavaThread "stderr" daemon [_thread_in_native, id=6940, stack(0x00000000666f0000,0x00000000667f0000)]
  0x000000005ec0f800 JavaThread "stdout" daemon [_thread_in_native, id=3012, stack(0x00000000665e0000,0x00000000666e0000)]
  0x000000005ec0f000 JavaThread "stderr" daemon [_thread_in_native, id=1884, stack(0x00000000663a0000,0x00000000664a0000)]
  0x000000005ec0e000 JavaThread "pool-5-thread-1" [_thread_blocked, id=7948, stack(0x0000000066200000,0x0000000066300000)]
  0x000000005a110000 JavaThread "MarlinRenderer Disposer" daemon [_thread_blocked, id=8296, stack(0x0000000066060000,0x0000000066160000)]
  0x000000006052e800 JavaThread "Java2D Disposer" daemon [_thread_blocked, id=7324, stack(0x0000000064ed0000,0x0000000064fd0000)]
  0x000000005b8f3800 JavaThread "Cache worker for execution history cache (C:\Users\lboudjella\AndroidStudioProjects\SportCoach\.gradle\5.1.1\executionHistory)" [_thread_blocked, id=7796, stack(0x000000005c3a0000,0x000000005c4a0000)]
  0x000000006052f000 JavaThread "Cache worker for file content cache (C:\Users\lboudjella\AndroidStudioProjects\SportCoach\.gradle\5.1.1\fileContent)" [_thread_blocked, id=8872, stack(0x0000000065020000,0x0000000065120000)]
  0x0000000060530000 JavaThread "Cache worker for file content cache (C:\Users\lboudjella\.gradle\caches\5.1.1\fileContent)" [_thread_blocked, id=1668, stack(0x0000000064660000,0x0000000064760000)]
  0x0000000060530800 JavaThread "Memory manager" [_thread_blocked, id=4252, stack(0x0000000064dd0000,0x0000000064ed0000)]
  0x0000000060531800 JavaThread "Cache worker for Build Output Cleanup Cache (C:\Users\lboudjella\AndroidStudioProjects\SportCoach\.gradle\buildOutputCleanup)" [_thread_blocked, id=8920, stack(0x0000000064b90000,0x0000000064c90000)]
  0x000000006052b800 JavaThread "Build operations Thread 4" [_thread_blocked, id=7488, stack(0x0000000064a30000,0x0000000064b30000)]
  0x000000006052a800 JavaThread "Build operations Thread 3" [_thread_blocked, id=9148, stack(0x0000000063030000,0x0000000063130000)]
  0x000000006052d800 JavaThread "Build operations Thread 2" [_thread_blocked, id=9180, stack(0x00000000644c0000,0x00000000645c0000)]
  0x000000006052d000 JavaThread "Build operations" [_thread_blocked, id=9096, stack(0x000000005ca70000,0x000000005cb70000)]
  0x000000005a111800 JavaThread "Cache worker for cache directory md-rule (C:\Users\lboudjella\.gradle\caches\5.1.1\md-rule)" [_thread_blocked, id=8364, stack(0x0000000062b60000,0x0000000062c60000)]
  0x000000005a110800 JavaThread "Cache worker for cache directory md-supplier (C:\Users\lboudjella\.gradle\caches\5.1.1\md-supplier)" [_thread_blocked, id=2584, stack(0x0000000062c80000,0x0000000062d80000)]
  0x000000005a10e800 JavaThread "Cache worker for file hash cache (C:\Users\lboudjella\AndroidStudioProjects\SportCoach\.gradle\5.1.1\fileHashes)" [_thread_blocked, id=8976, stack(0x0000000062a00000,0x0000000062b00000)]
  0x000000005a107800 JavaThread "Thread-62" [_thread_blocked, id=6856, stack(0x000000005aa50000,0x000000005ab50000)]
  0x000000005a10b800 JavaThread "Asynchronous log dispatcher for DefaultDaemonConnection: socket connection from /127.0.0.1:54440 to /127.0.0.1:54524" [_thread_blocked, id=7040, stack(0x000000005ce30000,0x000000005cf30000)]
  0x000000005a10a800 JavaThread "Cancel handler" [_thread_blocked, id=8408, stack(0x00000000625b0000,0x00000000626b0000)]
  0x000000005a10d000 JavaThread "Handler for socket connection from /127.0.0.1:54440 to /127.0.0.1:54524" [_thread_in_native, id=8888, stack(0x000000005c970000,0x000000005ca70000)]
  0x000000005a10c000 JavaThread "Daemon worker Thread 2" [_thread_blocked, id=4812, stack(0x0000000060ad0000,0x0000000060bd0000)]
  0x000000005a108800 JavaThread "Daemon Thread 2" [_thread_blocked, id=7648, stack(0x000000005a920000,0x000000005aa20000)]
  0x000000005a10a000 JavaThread "Cache worker for execution history cache (C:\Users\lboudjella\.gradle\caches\5.1.1\executionHistory)" [_thread_blocked, id=8884, stack(0x00000000620a0000,0x00000000621a0000)]
  0x000000005a102800 JavaThread "Cache worker for journal cache (C:\Users\lboudjella\.gradle\caches\journal-1)" [_thread_blocked, id=8852, stack(0x000000005cf50000,0x000000005d050000)]
  0x00000000593b5800 JavaThread "File lock request listener" [_thread_in_native, id=4568, stack(0x000000005cd00000,0x000000005ce00000)]
  0x0000000059b30800 JavaThread "Cache worker for file hash cache (C:\Users\lboudjella\.gradle\caches\5.1.1\fileHashes)" [_thread_blocked, id=8716, stack(0x000000005cbb0000,0x000000005ccb0000)]
  0x0000000059849000 JavaThread "Daemon periodic checks" [_thread_blocked, id=7780, stack(0x000000005a7f0000,0x000000005a8f0000)]
  0x000000005983f000 JavaThread "Incoming local TCP Connector on port 54440" [_thread_in_native, id=8820, stack(0x000000005a650000,0x000000005a750000)]
  0x0000000057f2b000 JavaThread "Service Thread" daemon [_thread_blocked, id=7460, stack(0x00000000585c0000,0x00000000586c0000)]
  0x0000000057eb1800 JavaThread "C1 CompilerThread2" daemon [_thread_blocked, id=7088, stack(0x0000000058470000,0x0000000058570000)]
  0x0000000057eb0800 JavaThread "C2 CompilerThread1" daemon [_thread_blocked, id=8220, stack(0x00000000582f0000,0x00000000583f0000)]
  0x0000000056712800 JavaThread "C2 CompilerThread0" daemon [_thread_blocked, id=8816, stack(0x0000000057db0000,0x0000000057eb0000)]
  0x000000005671e000 JavaThread "Attach Listener" daemon [_thread_blocked, id=6896, stack(0x0000000057c70000,0x0000000057d70000)]
  0x000000005671c000 JavaThread "Signal Dispatcher" daemon [_thread_blocked, id=5856, stack(0x0000000057a90000,0x0000000057b90000)]
  0x00000000566f8800 JavaThread "Finalizer" daemon [_thread_blocked, id=5776, stack(0x00000000578a0000,0x00000000579a0000)]
  0x00000000566b1000 JavaThread "Reference Handler" daemon [_thread_blocked, id=5400, stack(0x0000000057740000,0x0000000057840000)]
  0x00000000023ce800 JavaThread "main" [_thread_blocked, id=8804, stack(0x00000000027d0000,0x00000000028d0000)]

Other Threads:
  0x00000000566a9800 VMThread [stack: 0x0000000057640000,0x0000000057740000] [id=7776]
  0x0000000057f2c000 WatcherThread [stack: 0x0000000058870000,0x0000000058970000] [id=8108]

=>0x0000000002420000 (exited) GCTaskThread [stack: 0x00000000126b0000,0x00000000127b0000] [id=8808]

VM state:at safepoint (normal execution)

VM Mutex/Monitor currently owned by a thread:  ([mutex/lock_event])
[0x00000000023ccae0] Threads_lock - owner thread: 0x00000000566a9800
[0x00000000023ccfe0] Heap_lock - owner thread: 0x000000005a10c000

Heap:
 PSYoungGen      total 500736K, used 6634K [0x00000000e0000000, 0x0000000100000000, 0x0000000100000000)
  eden space 477184K, 0% used [0x00000000e0000000,0x00000000e0000000,0x00000000fd200000)
  from space 23552K, 28% used [0x00000000fd200000,0x00000000fd87a868,0x00000000fe900000)
  to   space 23552K, 0% used [0x00000000fe900000,0x00000000fe900000,0x0000000100000000)
 ParOldGen       total 113664K, used 63967K [0x00000000a0000000, 0x00000000a6f00000, 0x00000000e0000000)
  object space 113664K, 56% used [0x00000000a0000000,0x00000000a3e77da0,0x00000000a6f00000)
 Metaspace       used 94585K, capacity 98246K, committed 98380K, reserved 1134592K
  class space    used 11831K, capacity 12523K, committed 12544K, reserved 1048576K

Card table byte_map: [0x0000000011f60000,0x0000000012270000] byte_map_base: 0x0000000011a60000

Marking Bits: (ParMarkBitMap*) 0x000000005b345aa0
 Begin Bits: [0x0000000012a20000, 0x0000000014220000)
 End Bits:   [0x0000000014220000, 0x0000000015a20000)

Polling page: 0x0000000000160000

CodeCache: size=245760Kb used=54691Kb max_used=56647Kb free=191068Kb
 bounds [0x0000000002ba0000, 0x0000000006340000, 0x0000000011ba0000]
 total_blobs=17773 nmethods=16778 adapters=905
 compilation: enabled

Compilation events (10 events):
Event: 1190.676 Thread 0x0000000057eb1800 20992       1       org.gradle.plugins.ide.internal.tooling.model.DefaultGradleProject::getProjectIdentifier (5 bytes)
Event: 1190.676 Thread 0x0000000057eb1800 nmethod 20992 0x00000000057e2950 code [0x00000000057e2aa0, 0x00000000057e2bb0]
Event: 1190.676 Thread 0x0000000057eb1800 20993       1       org.gradle.api.internal.AbstractTask::getDescription (5 bytes)
Event: 1190.676 Thread 0x0000000057eb1800 nmethod 20993 0x00000000058401d0 code [0x0000000005840320, 0x0000000005840430]
Event: 1190.678 Thread 0x0000000056712800 20994       4       java.lang.Class::isAnnotation (17 bytes)
Event: 1190.679 Thread 0x0000000056712800 nmethod 20994 0x00000000061d9650 code [0x00000000061d9780, 0x00000000061d97f8]
Event: 1190.679 Thread 0x0000000057eb1800 20995       1       org.gradle.api.internal.DependencyInjectingInstantiator::access$100 (5 bytes)
Event: 1190.680 Thread 0x0000000057eb1800 nmethod 20995 0x00000000062d44d0 code [0x00000000062d4620, 0x00000000062d4710]
Event: 1190.692 Thread 0x0000000056712800 20996       4       org.objectweb.asm.Frame::getLocal (46 bytes)
Event: 1190.693 Thread 0x0000000056712800 nmethod 20996 0x00000000057853d0 code [0x0000000005785500, 0x00000000057855b8]

GC Heap History (10 events):
Event: 1173.076 GC heap after
Heap after GC invocations=26 (full 3):
 PSYoungGen      total 499200K, used 10396K [0x00000000e0000000, 0x00000000ffe80000, 0x0000000100000000)
  eden space 477184K, 0% used [0x00000000e0000000,0x00000000e0000000,0x00000000fd200000)
  from space 22016K, 47% used [0x00000000fd200000,0x00000000fdc27058,0x00000000fe780000)
  to   space 21504K, 0% used [0x00000000fe980000,0x00000000fe980000,0x00000000ffe80000)
 ParOldGen       total 113664K, used 53490K [0x00000000a0000000, 0x00000000a6f00000, 0x00000000e0000000)
  object space 113664K, 47% used [0x00000000a0000000,0x00000000a343c920,0x00000000a6f00000)
 Metaspace       used 91742K, capacity 95166K, committed 95320K, reserved 1132544K
  class space    used 11467K, capacity 12105K, committed 12160K, reserved 1048576K
}
Event: 1174.480 GC heap before
{Heap before GC invocations=27 (full 3):
 PSYoungGen      total 499200K, used 487580K [0x00000000e0000000, 0x00000000ffe80000, 0x0000000100000000)
  eden space 477184K, 100% used [0x00000000e0000000,0x00000000fd200000,0x00000000fd200000)
  from space 22016K, 47% used [0x00000000fd200000,0x00000000fdc27058,0x00000000fe780000)
  to   space 21504K, 0% used [0x00000000fe980000,0x00000000fe980000,0x00000000ffe80000)
 ParOldGen       total 113664K, used 53633K [0x00000000a0000000, 0x00000000a6f00000, 0x00000000e0000000)
  object space 113664K, 47% used [0x00000000a0000000,0x00000000a3460500,0x00000000a6f00000)
 Metaspace       used 91881K, capacity 95294K, committed 95576K, reserved 1132544K
  class space    used 11467K, capacity 12105K, committed 12160K, reserved 1048576K
Event: 1174.548 GC heap after
Heap after GC invocations=27 (full 3):
 PSYoungGen      total 501248K, used 11386K [0x00000000e0000000, 0x00000000ffd80000, 0x0000000100000000)
  eden space 480768K, 0% used [0x00000000e0000000,0x00000000e0000000,0x00000000fd580000)
  from space 20480K, 55% used [0x00000000fe980000,0x00000000ff49e8f8,0x00000000ffd80000)
  to   space 20480K, 0% used [0x00000000fd580000,0x00000000fd580000,0x00000000fe980000)
 ParOldGen       total 113664K, used 53633K [0x00000000a0000000, 0x00000000a6f00000, 0x00000000e0000000)
  object space 113664K, 47% used [0x00000000a0000000,0x00000000a3460500,0x00000000a6f00000)
 Metaspace       used 91881K, capacity 95294K, committed 95576K, reserved 1132544K
  class space    used 11467K, capacity 12105K, committed 12160K, reserved 1048576K
}
Event: 1176.077 GC heap before
{Heap before GC invocations=28 (full 3):
 PSYoungGen      total 501248K, used 492154K [0x00000000e0000000, 0x00000000ffd80000, 0x0000000100000000)
  eden space 480768K, 100% used [0x00000000e0000000,0x00000000fd580000,0x00000000fd580000)
  from space 20480K, 55% used [0x00000000fe980000,0x00000000ff49e8f8,0x00000000ffd80000)
  to   space 20480K, 0% used [0x00000000fd580000,0x00000000fd580000,0x00000000fe980000)
 ParOldGen       total 113664K, used 53635K [0x00000000a0000000, 0x00000000a6f00000, 0x00000000e0000000)
  object space 113664K, 47% used [0x00000000a0000000,0x00000000a3460c38,0x00000000a6f00000)
 Metaspace       used 92010K, capacity 95446K, committed 95576K, reserved 1132544K
  class space    used 11476K, capacity 12109K, committed 12160K, reserved 1048576K
Event: 1176.120 GC heap after
Heap after GC invocations=28 (full 3):
 PSYoungGen      total 501248K, used 10953K [0x00000000e0000000, 0x00000000fff00000, 0x0000000100000000)
  eden space 480768K, 0% used [0x00000000e0000000,0x00000000e0000000,0x00000000fd580000)
  from space 20480K, 53% used [0x00000000fd580000,0x00000000fe032600,0x00000000fe980000)
  to   space 19968K, 0% used [0x00000000feb80000,0x00000000feb80000,0x00000000fff00000)
 ParOldGen       total 113664K, used 53643K [0x00000000a0000000, 0x00000000a6f00000, 0x00000000e0000000)
  object space 113664K, 47% used [0x00000000a0000000,0x00000000a3462c38,0x00000000a6f00000)
 Metaspace       used 92010K, capacity 95446K, committed 95576K, reserved 1132544K
  class space    used 11476K, capacity 12109K, committed 12160K, reserved 1048576K
}
Event: 1185.655 GC heap before
{Heap before GC invocations=29 (full 3):
 PSYoungGen      total 501248K, used 491721K [0x00000000e0000000, 0x00000000fff00000, 0x0000000100000000)
  eden space 480768K, 100% used [0x00000000e0000000,0x00000000fd580000,0x00000000fd580000)
  from space 20480K, 53% used [0x00000000fd580000,0x00000000fe032600,0x00000000fe980000)
  to   space 19968K, 0% used [0x00000000feb80000,0x00000000feb80000,0x00000000fff00000)
 ParOldGen       total 113664K, used 53643K [0x00000000a0000000, 0x00000000a6f00000, 0x00000000e0000000)
  object space 113664K, 47% used [0x00000000a0000000,0x00000000a3462c38,0x00000000a6f00000)
 Metaspace       used 92759K, capacity 96216K, committed 96472K, reserved 1134592K
  class space    used 11540K, capacity 12172K, committed 12288K, reserved 1048576K
Event: 1185.686 GC heap after
Heap after GC invocations=29 (full 3):
 PSYoungGen      total 497152K, used 19954K [0x00000000e0000000, 0x0000000100000000, 0x0000000100000000)
  eden space 477184K, 0% used [0x00000000e0000000,0x00000000e0000000,0x00000000fd200000)
  from space 19968K, 99% used [0x00000000feb80000,0x00000000ffefc930,0x00000000fff00000)
  to   space 23552K, 0% used [0x00000000fd200000,0x00000000fd200000,0x00000000fe900000)
 ParOldGen       total 113664K, used 57197K [0x00000000a0000000, 0x00000000a6f00000, 0x00000000e0000000)
  object space 113664K, 50% used [0x00000000a0000000,0x00000000a37db658,0x00000000a6f00000)
 Metaspace       used 92759K, capacity 96216K, committed 96472K, reserved 1134592K
  class space    used 11540K, capacity 12172K, committed 12288K, reserved 1048576K
}
Event: 1190.694 GC heap before
{Heap before GC invocations=30 (full 3):
 PSYoungGen      total 497152K, used 313491K [0x00000000e0000000, 0x0000000100000000, 0x0000000100000000)
  eden space 477184K, 61% used [0x00000000e0000000,0x00000000f1ea8578,0x00000000fd200000)
  from space 19968K, 99% used [0x00000000feb80000,0x00000000ffefc930,0x00000000fff00000)
  to   space 23552K, 0% used [0x00000000fd200000,0x00000000fd200000,0x00000000fe900000)
 ParOldGen       total 113664K, used 57197K [0x00000000a0000000, 0x00000000a6f00000, 0x00000000e0000000)
  object space 113664K, 50% used [0x00000000a0000000,0x00000000a37db658,0x00000000a6f00000)
 Metaspace       used 94585K, capacity 98246K, committed 98380K, reserved 1134592K
  class space    used 11831K, capacity 12523K, committed 12544K, reserved 1048576K
Event: 1190.717 GC heap after
Heap after GC invocations=30 (full 3):
 PSYoungGen      total 500736K, used 6634K [0x00000000e0000000, 0x0000000100000000, 0x0000000100000000)
  eden space 477184K, 0% used [0x00000000e0000000,0x00000000e0000000,0x00000000fd200000)
  from space 23552K, 28% used [0x00000000fd200000,0x00000000fd87a868,0x00000000fe900000)
  to   space 23552K, 0% used [0x00000000fe900000,0x00000000fe900000,0x0000000100000000)
 ParOldGen       total 113664K, used 63967K [0x00000000a0000000, 0x00000000a6f00000, 0x00000000e0000000)
  object space 113664K, 56% used [0x00000000a0000000,0x00000000a3e77da0,0x00000000a6f00000)
 Metaspace       used 94585K, capacity 98246K, committed 98380K, reserved 1134592K
  class space    used 11831K, capacity 12523K, committed 12544K, reserved 1048576K
}
Event: 1190.718 GC heap before
{Heap before GC invocations=31 (full 4):
 PSYoungGen      total 500736K, used 6634K [0x00000000e0000000, 0x0000000100000000, 0x0000000100000000)
  eden space 477184K, 0% used [0x00000000e0000000,0x00000000e0000000,0x00000000fd200000)
  from space 23552K, 28% used [0x00000000fd200000,0x00000000fd87a868,0x00000000fe900000)
  to   space 23552K, 0% used [0x00000000fe900000,0x00000000fe900000,0x0000000100000000)
 ParOldGen       total 113664K, used 63967K [0x00000000a0000000, 0x00000000a6f00000, 0x00000000e0000000)
  object space 113664K, 56% used [0x00000000a0000000,0x00000000a3e77da0,0x00000000a6f00000)
 Metaspace       used 94585K, capacity 98246K, committed 98380K, reserved 1134592K
  class space    used 11831K, capacity 12523K, committed 12544K, reserved 1048576K

Deoptimization events (10 events):
Event: 1190.184 Thread 0x0000000061c9c000 Uncommon trap: reason=bimorphic action=maybe_recompile pc=0x0000000004f5466c method=com.google.common.collect.ImmutableMap.copyOf(Ljava/util/Map;)Lcom/google/common/collect/ImmutableMap; @ 49
Event: 1190.185 Thread 0x0000000061c9c000 Uncommon trap: reason=bimorphic action=maybe_recompile pc=0x0000000004f5466c method=com.google.common.collect.ImmutableMap.copyOf(Ljava/util/Map;)Lcom/google/common/collect/ImmutableMap; @ 49
Event: 1190.185 Thread 0x0000000061c9c000 Uncommon trap: reason=bimorphic action=maybe_recompile pc=0x0000000004f5466c method=com.google.common.collect.ImmutableMap.copyOf(Ljava/util/Map;)Lcom/google/common/collect/ImmutableMap; @ 49
Event: 1190.186 Thread 0x0000000061c9c000 Uncommon trap: reason=bimorphic action=maybe_recompile pc=0x0000000004f5466c method=com.google.common.collect.ImmutableMap.copyOf(Ljava/util/Map;)Lcom/google/common/collect/ImmutableMap; @ 49
Event: 1190.194 Thread 0x0000000061c9c000 Uncommon trap: reason=class_check action=maybe_recompile pc=0x0000000005841f04 method=java.util.Collections$SetFromMap.<init>(Ljava/util/Map;)V @ 5
Event: 1190.202 Thread 0x0000000061c9c000 Uncommon trap: reason=unstable_if action=reinterpret pc=0x0000000004819590 method=com.google.common.collect.RegularImmutableMap.makeImmutable(Ljava/util/Map$Entry;Ljava/lang/Object;Ljava/lang/Object;)Lcom/google/common/collect/ImmutableMapEntry; @ 4
Event: 1190.205 Thread 0x0000000061c9c000 Uncommon trap: reason=bimorphic action=maybe_recompile pc=0x000000000479b4ec method=com.sun.org.apache.xerces.internal.parsers.AbstractSAXParser.endNamespaceMapping()V @ 35
Event: 1190.206 Thread 0x0000000061c9c000 Uncommon trap: reason=bimorphic action=maybe_recompile pc=0x000000000479b4ec method=com.sun.org.apache.xerces.internal.parsers.AbstractSAXParser.endNamespaceMapping()V @ 35
Event: 1190.261 Thread 0x000000005b8f1000 Uncommon trap: reason=class_check action=maybe_recompile pc=0x0000000005841f04 method=java.util.Collections$SetFromMap.<init>(Ljava/util/Map;)V @ 5
Event: 1190.523 Thread 0x000000005a10c000 Uncommon trap: reason=unstable_if action=reinterpret pc=0x0000000005c403ac method=java.nio.Bits.getInt(Ljava/nio/ByteBuffer;IZ)I @ 1

Classes redefined (0 events):
No events

Internal exceptions (10 events):
Event: 1186.499 Thread 0x00000000606d3000 Exception <a 'sun/nio/fs/WindowsException'> (0x00000000e3731498) thrown at [D:\src\AOSP-openjdk-cygwin\jdk8u\hotspot\src\share\vm\prims\jni.cpp, line 709]
Event: 1186.502 Thread 0x00000000606d3000 Exception <a 'sun/nio/fs/WindowsException'> (0x00000000e3779c38) thrown at [D:\src\AOSP-openjdk-cygwin\jdk8u\hotspot\src\share\vm\prims\jni.cpp, line 709]
Event: 1186.505 Thread 0x00000000606d3000 Exception <a 'sun/nio/fs/WindowsException'> (0x00000000e37c61e0) thrown at [D:\src\AOSP-openjdk-cygwin\jdk8u\hotspot\src\share\vm\prims\jni.cpp, line 709]
Event: 1186.507 Thread 0x0000000061c9c000 Exception <a 'sun/nio/fs/WindowsException'> (0x00000000e36288e8) thrown at [D:\src\AOSP-openjdk-cygwin\jdk8u\hotspot\src\share\vm\prims\jni.cpp, line 709]
Event: 1186.508 Thread 0x0000000061c9d800 Exception <a 'sun/nio/fs/WindowsException'> (0x00000000e2e0f940) thrown at [D:\src\AOSP-openjdk-cygwin\jdk8u\hotspot\src\share\vm\prims\jni.cpp, line 709]
Event: 1186.510 Thread 0x0000000061c9d800 Exception <a 'sun/nio/fs/WindowsException'> (0x00000000e2e58020) thrown at [D:\src\AOSP-openjdk-cygwin\jdk8u\hotspot\src\share\vm\prims\jni.cpp, line 709]
Event: 1186.521 Thread 0x0000000061c9f800 Exception <a 'sun/nio/fs/WindowsException'> (0x00000000e305e1a0) thrown at [D:\src\AOSP-openjdk-cygwin\jdk8u\hotspot\src\share\vm\prims\jni.cpp, line 709]
Event: 1186.525 Thread 0x0000000061c9f800 Exception <a 'sun/nio/fs/WindowsException'> (0x00000000e3940020) thrown at [D:\src\AOSP-openjdk-cygwin\jdk8u\hotspot\src\share\vm\prims\jni.cpp, line 709]
Event: 1187.533 Thread 0x00000000606d1800 Exception <a 'sun/nio/fs/WindowsException'> (0x00000000ec0ada70) thrown at [D:\src\AOSP-openjdk-cygwin\jdk8u\hotspot\src\share\vm\prims\jni.cpp, line 709]
Event: 1190.256 Thread 0x0000000061c9c000 Exception <a 'java/io/FileNotFoundException'> (0x00000000f06ed728) thrown at [D:\src\AOSP-openjdk-cygwin\jdk8u\hotspot\src\share\vm\prims\jni.cpp, line 709]

Events (10 events):
Event: 1190.685 loading class org/gradle/initialization/BuildClientMetaData done
Event: 1190.686 loading class org/gradle/api/tasks/diagnostics/internal/TaskReportModel
Event: 1190.686 loading class org/gradle/api/tasks/diagnostics/internal/TaskReportModel done
Event: 1190.687 loading class org/gradle/api/tasks/diagnostics/internal/TaskReportRenderer
Event: 1190.687 loading class org/gradle/api/tasks/diagnostics/internal/TaskReportRenderer done
Event: 1190.690 loading class org/gradle/api/tasks/diagnostics/internal/TaskDetailsFactory
Event: 1190.690 loading class org/gradle/api/tasks/diagnostics/internal/TaskDetailsFactory done
Event: 1190.691 loading class org/gradle/api/tasks/diagnostics/internal/SingleProjectTaskReportModel
Event: 1190.691 loading class org/gradle/api/tasks/diagnostics/internal/SingleProjectTaskReportModel done
Event: 1190.694 Executing VM operation: CollectForMetadataAllocation


Dynamic libraries:
0x000000013fc10000 - 0x000000013fc41000 	C:\Program Files\Android\Android Studio\jre\bin\java.exe
0x0000000077560000 - 0x00000000776ff000 	C:\Windows\SYSTEM32\ntdll.dll
0x0000000077440000 - 0x000000007755f000 	C:\Windows\system32\kernel32.dll
0x000007fefd080000 - 0x000007fefd0ea000 	C:\Windows\system32\KERNELBASE.dll
0x0000000074d30000 - 0x0000000074db9000 	C:\Windows\System32\SYSFER.DLL
0x000007feff770000 - 0x000007feff84b000 	C:\Windows\system32\ADVAPI32.dll
0x000007fefe7b0000 - 0x000007fefe84f000 	C:\Windows\system32\msvcrt.dll
0x000007fefe8b0000 - 0x000007fefe8cf000 	C:\Windows\SYSTEM32\sechost.dll
0x000007fefd880000 - 0x000007fefd9ac000 	C:\Windows\system32\RPCRT4.dll
0x0000000077340000 - 0x000000007743a000 	C:\Windows\system32\USER32.dll
0x000007fefe740000 - 0x000007fefe7a7000 	C:\Windows\system32\GDI32.dll
0x000007feff760000 - 0x000007feff76e000 	C:\Windows\system32\LPK.dll
0x000007fefe8d0000 - 0x000007fefe99b000 	C:\Windows\system32\USP10.dll
0x000007fefb950000 - 0x000007fefbb45000 	C:\Windows\WinSxS\amd64_microsoft.windows.common-controls_6595b64144ccf1df_6.0.7601.24440_none_e36f1bbf30ff0606\COMCTL32.dll
0x000007feff6e0000 - 0x000007feff751000 	C:\Windows\system32\SHLWAPI.dll
0x000007fefec90000 - 0x000007fefecbe000 	C:\Windows\system32\IMM32.DLL
0x000007fefeb30000 - 0x000007fefec39000 	C:\Windows\system32\MSCTF.dll
0x000000006ac30000 - 0x000000006ad02000 	C:\Program Files\Android\Android Studio\jre\jre\bin\msvcr100.dll
0x000000005ab80000 - 0x000000005b3c1000 	C:\Program Files\Android\Android Studio\jre\jre\bin\server\jvm.dll
0x000007fef9520000 - 0x000007fef9529000 	C:\Windows\system32\WSOCK32.dll
0x000007fefec40000 - 0x000007fefec8d000 	C:\Windows\system32\WS2_32.dll
0x000007feff610000 - 0x000007feff618000 	C:\Windows\system32\NSI.dll
0x000007fefac80000 - 0x000007fefacbb000 	C:\Windows\system32\WINMM.dll
0x000007fefc070000 - 0x000007fefc07c000 	C:\Windows\system32\VERSION.dll
0x0000000077700000 - 0x0000000077707000 	C:\Windows\system32\PSAPI.DLL
0x000007feec440000 - 0x000007feec44f000 	C:\Program Files\Android\Android Studio\jre\jre\bin\verify.dll
0x000007fedd110000 - 0x000007fedd139000 	C:\Program Files\Android\Android Studio\jre\jre\bin\java.dll
0x000007fedde80000 - 0x000007fedde96000 	C:\Program Files\Android\Android Studio\jre\jre\bin\zip.dll
0x000007fefd9b0000 - 0x000007fefe73b000 	C:\Windows\system32\SHELL32.dll
0x000007fefd400000 - 0x000007fefd5ff000 	C:\Windows\system32\ole32.dll
0x000007fefd040000 - 0x000007fefd04f000 	C:\Windows\system32\profapi.dll
0x000007fedd190000 - 0x000007fedd1aa000 	C:\Program Files\Android\Android Studio\jre\jre\bin\net.dll
0x000007fefc780000 - 0x000007fefc7d5000 	C:\Windows\system32\mswsock.dll
0x000007fefc770000 - 0x000007fefc777000 	C:\Windows\System32\wship6.dll
0x000007fedb900000 - 0x000007fedb911000 	C:\Program Files\Android\Android Studio\jre\jre\bin\nio.dll
0x000007fefa530000 - 0x000007fefa54e000 	C:\Users\lboudjella\.gradle\native\25\windows-amd64\native-platform.dll
0x000007fedd3a0000 - 0x000007fedd3ad000 	C:\Program Files\Android\Android Studio\jre\jre\bin\management.dll
0x000007fefc7e0000 - 0x000007fefc7f8000 	C:\Windows\system32\CRYPTSP.dll
0x000007fefc4e0000 - 0x000007fefc527000 	C:\Windows\system32\rsaenh.dll
0x000007fefd150000 - 0x000007fefd16e000 	C:\Windows\system32\USERENV.dll
0x000007fefcee0000 - 0x000007fefceef000 	C:\Windows\system32\CRYPTBASE.dll
0x000007fefa590000 - 0x000007fefa5b7000 	C:\Windows\system32\IPHLPAPI.DLL
0x000007fefa580000 - 0x000007fefa58b000 	C:\Windows\system32\WINNSI.DLL
0x000007fef9d30000 - 0x000007fef9d41000 	C:\Windows\system32\dhcpcsvc6.DLL
0x000007fef9ca0000 - 0x000007fef9cb8000 	C:\Windows\system32\dhcpcsvc.DLL
0x000007fed9dd0000 - 0x000007fed9f68000 	C:\Program Files\Android\Android Studio\jre\jre\bin\awt.dll
0x000007feff530000 - 0x000007feff60b000 	C:\Windows\system32\OLEAUT32.dll
0x000007fedd9d0000 - 0x000007feddd94000 	C:\Windows\system32\d2d1.dll
0x000007fefb4c0000 - 0x000007fefb4d8000 	C:\Windows\system32\DWMAPI.DLL
0x000007fefce80000 - 0x000007fefced7000 	C:\Windows\system32\apphelp.dll
0x000007fef4f00000 - 0x000007fef5025000 	C:\Windows\system32\dbghelp.dll

VM Arguments:
jvm_args: -Xmx1536m -Dfile.encoding=windows-1252 -Duser.country=FR -Duser.language=fr -Duser.variant 
java_command: org.gradle.launcher.daemon.bootstrap.GradleDaemon 5.1.1
java_class_path (initial): C:\Users\lboudjella\.gradle\wrapper\dists\gradle-5.1.1-all\97z1ksx6lirer3kbvdnh7jtjg\gradle-5.1.1\lib\gradle-launcher-5.1.1.jar
Launcher Type: SUN_STANDARD

Environment Variables:
PATH=C:\Program Files\Common Files\Microsoft Shared\Windows Live;C:\Program Files (x86)\Common Files\Microsoft Shared\Windows Live;C:\Program Files\mingw-w64\x86_64-8.1.0-posix-seh-rt_v6-rev0\mingw64\bin;C:\Program Files (x86)\Windows Live\Shared
USERNAME=lboudjella
OS=Windows_NT
PROCESSOR_IDENTIFIER=Intel64 Family 6 Model 78 Stepping 3, GenuineIntel



---------------  S Y S T E M  ---------------

OS: Windows 7 , 64 bit Build 7601 (6.1.7601.24441)

CPU:total 4 (initial active 4) (2 cores per cpu, 2 threads per core) family 6 model 78 stepping 3, cmov, cx8, fxsr, mmx, sse, sse2, sse3, ssse3, sse4.1, sse4.2, popcnt, avx, avx2, aes, clmul, erms, rtm, 3dnowpref, lzcnt, ht, tsc, tscinvbit, bmi1, bmi2, adx

Memory: 4k page, physical 8044568k(183564k free), swap 16087236k(3805808k free)

vm_info: OpenJDK 64-Bit Server VM (25.152-b01) for windows-amd64 JRE (1.8.0_152-release-1343-b01), built by "builder" with MS VC++ 10.0 (VS2010)

time: Wed May 22 20:45:07 2019
elapsed time: 1190 seconds (0d 0h 19m 50s)

